The request analysis.setContextRoots failed with the following error:
RequestErrorCode.PLUGIN_ERROR
The plugin riverpod_generator was not found in the package config at /Users/tamakikyou/product/my_pj/MUSE. Make sure to run `pub get` first.
at:
#0      CustomLintProject.parse.<anonymous closure> (package:custom_lint/src/workspace.dart:1012:11)
#1      MappedIterator.moveNext (dart:_internal/iterable.dart:403:20)
#2      Future.wait (dart:async/future.dart:521:26)
#3      CustomLintProject.parse (package:custom_lint/src/workspace.dart:1007:34)
<asynchronous suspension>
#4      Future.wait.<anonymous closure> (dart:async/future.dart:523:21)
<asynchronous suspension>
#5      CustomLintWorkspace.fromContextRoots (package:custom_lint/src/workspace.dart:489:22)
<asynchronous suspension>
#6      SocketCustomLintServerToClientChannel.create (package:custom_lint/src/v2/server_to_client_channel.dart:54:23)
<asynchronous suspension>
#7      CustomLintServer._maybeSpawnCustomLintPlugin (package:custom_lint/src/v2/custom_lint_analyzer_plugin.dart:358:23)
<asynchronous suspension>
#8      CustomLintServer._handleAnalysisSetContextRoots.<anonymous closure> (package:custom_lint/src/v2/custom_lint_analyzer_plugin.dart:339:9)
<asynchronous suspension>
#9      PendingOperation.run (package:custom_lint/src/async_operation.dart:22:14)
<asynchronous suspension>
#10     CustomLintServer._handleRequest (package:custom_lint/src/v2/custom_lint_analyzer_plugin.dart:171:22)
<asynchronous suspension>

The request analysis.setSubscriptions failed with the following error:
RequestErrorCode.PLUGIN_ERROR
The plugin riverpod_generator was not found in the package config at /Users/tamakikyou/product/my_pj/MUSE. Make sure to run `pub get` first.
at:
#0      CustomLintProject.parse.<anonymous closure> (package:custom_lint/src/workspace.dart:1012:11)
#1      MappedIterator.moveNext (dart:_internal/iterable.dart:403:20)
#2      Future.wait (dart:async/future.dart:521:26)
#3      CustomLintProject.parse (package:custom_lint/src/workspace.dart:1007:34)
<asynchronous suspension>
#4      Future.wait.<anonymous closure> (dart:async/future.dart:523:21)
<asynchronous suspension>
#5      CustomLintWorkspace.fromContextRoots (package:custom_lint/src/workspace.dart:489:22)
<asynchronous suspension>
#6      SocketCustomLintServerToClientChannel.create (package:custom_lint/src/v2/server_to_client_channel.dart:54:23)
<asynchronous suspension>
#7      CustomLintServer._maybeSpawnCustomLintPlugin (package:custom_lint/src/v2/custom_lint_analyzer_plugin.dart:358:23)
<asynchronous suspension>
#8      CustomLintServer._handleAnalysisSetContextRoots.<anonymous closure> (package:custom_lint/src/v2/custom_lint_analyzer_plugin.dart:339:9)
<asynchronous suspension>
#9      PendingOperation.run (package:custom_lint/src/async_operation.dart:22:14)
<asynchronous suspension>
#10     CustomLintServer._handleRequest (package:custom_lint/src/v2/custom_lint_analyzer_plugin.dart:171:22)
<asynchronous suspension>

The request analysis.updateContent failed with the following error:
RequestErrorCode.PLUGIN_ERROR
The plugin riverpod_generator was not found in the package config at /Users/tamakikyou/product/my_pj/MUSE. Make sure to run `pub get` first.
at:
#0      CustomLintProject.parse.<anonymous closure> (package:custom_lint/src/workspace.dart:1012:11)
#1      MappedIterator.moveNext (dart:_internal/iterable.dart:403:20)
#2      Future.wait (dart:async/future.dart:521:26)
#3      CustomLintProject.parse (package:custom_lint/src/workspace.dart:1007:34)
<asynchronous suspension>
#4      Future.wait.<anonymous closure> (dart:async/future.dart:523:21)
<asynchronous suspension>
#5      CustomLintWorkspace.fromContextRoots (package:custom_lint/src/workspace.dart:489:22)
<asynchronous suspension>
#6      SocketCustomLintServerToClientChannel.create (package:custom_lint/src/v2/server_to_client_channel.dart:54:23)
<asynchronous suspension>
#7      CustomLintServer._maybeSpawnCustomLintPlugin (package:custom_lint/src/v2/custom_lint_analyzer_plugin.dart:358:23)
<asynchronous suspension>
#8      CustomLintServer._handleAnalysisSetContextRoots.<anonymous closure> (package:custom_lint/src/v2/custom_lint_analyzer_plugin.dart:339:9)
<asynchronous suspension>
#9      PendingOperation.run (package:custom_lint/src/async_operation.dart:22:14)
<asynchronous suspension>
#10     CustomLintServer._handleRequest (package:custom_lint/src/v2/custom_lint_analyzer_plugin.dart:171:22)
<asynchronous suspension>

The request analysis.setPriorityFiles failed with the following error:
RequestErrorCode.PLUGIN_ERROR
The plugin riverpod_generator was not found in the package config at /Users/tamakikyou/product/my_pj/MUSE. Make sure to run `pub get` first.
at:
#0      CustomLintProject.parse.<anonymous closure> (package:custom_lint/src/workspace.dart:1012:11)
#1      MappedIterator.moveNext (dart:_internal/iterable.dart:403:20)
#2      Future.wait (dart:async/future.dart:521:26)
#3      CustomLintProject.parse (package:custom_lint/src/workspace.dart:1007:34)
<asynchronous suspension>
#4      Future.wait.<anonymous closure> (dart:async/future.dart:523:21)
<asynchronous suspension>
#5      CustomLintWorkspace.fromContextRoots (package:custom_lint/src/workspace.dart:489:22)
<asynchronous suspension>
#6      SocketCustomLintServerToClientChannel.create (package:custom_lint/src/v2/server_to_client_channel.dart:54:23)
<asynchronous suspension>
#7      CustomLintServer._maybeSpawnCustomLintPlugin (package:custom_lint/src/v2/custom_lint_analyzer_plugin.dart:358:23)
<asynchronous suspension>
#8      CustomLintServer._handleAnalysisSetContextRoots.<anonymous closure> (package:custom_lint/src/v2/custom_lint_analyzer_plugin.dart:339:9)
<asynchronous suspension>
#9      PendingOperation.run (package:custom_lint/src/async_operation.dart:22:14)
<asynchronous suspension>
#10     CustomLintServer._handleRequest (package:custom_lint/src/v2/custom_lint_analyzer_plugin.dart:171:22)
<asynchronous suspension>

The request analysis.setPriorityFiles failed with the following error:
RequestErrorCode.PLUGIN_ERROR
The plugin riverpod_generator was not found in the package config at /Users/tamakikyou/product/my_pj/MUSE. Make sure to run `pub get` first.
at:
#0      CustomLintProject.parse.<anonymous closure> (package:custom_lint/src/workspace.dart:1012:11)
#1      MappedIterator.moveNext (dart:_internal/iterable.dart:403:20)
#2      Future.wait (dart:async/future.dart:521:26)
#3      CustomLintProject.parse (package:custom_lint/src/workspace.dart:1007:34)
<asynchronous suspension>
#4      Future.wait.<anonymous closure> (dart:async/future.dart:523:21)
<asynchronous suspension>
#5      CustomLintWorkspace.fromContextRoots (package:custom_lint/src/workspace.dart:489:22)
<asynchronous suspension>
#6      SocketCustomLintServerToClientChannel.create (package:custom_lint/src/v2/server_to_client_channel.dart:54:23)
<asynchronous suspension>
#7      CustomLintServer._maybeSpawnCustomLintPlugin (package:custom_lint/src/v2/custom_lint_analyzer_plugin.dart:358:23)
<asynchronous suspension>
#8      CustomLintServer._handleAnalysisSetContextRoots.<anonymous closure> (package:custom_lint/src/v2/custom_lint_analyzer_plugin.dart:339:9)
<asynchronous suspension>
#9      PendingOperation.run (package:custom_lint/src/async_operation.dart:22:14)
<asynchronous suspension>
#10     CustomLintServer._handleRequest (package:custom_lint/src/v2/custom_lint_analyzer_plugin.dart:171:22)
<asynchronous suspension>

The request analysis.setSubscriptions failed with the following error:
RequestErrorCode.PLUGIN_ERROR
The plugin riverpod_generator was not found in the package config at /Users/tamakikyou/product/my_pj/MUSE. Make sure to run `pub get` first.
at:
#0      CustomLintProject.parse.<anonymous closure> (package:custom_lint/src/workspace.dart:1012:11)
#1      MappedIterator.moveNext (dart:_internal/iterable.dart:403:20)
#2      Future.wait (dart:async/future.dart:521:26)
#3      CustomLintProject.parse (package:custom_lint/src/workspace.dart:1007:34)
<asynchronous suspension>
#4      Future.wait.<anonymous closure> (dart:async/future.dart:523:21)
<asynchronous suspension>
#5      CustomLintWorkspace.fromContextRoots (package:custom_lint/src/workspace.dart:489:22)
<asynchronous suspension>
#6      SocketCustomLintServerToClientChannel.create (package:custom_lint/src/v2/server_to_client_channel.dart:54:23)
<asynchronous suspension>
#7      CustomLintServer._maybeSpawnCustomLintPlugin (package:custom_lint/src/v2/custom_lint_analyzer_plugin.dart:358:23)
<asynchronous suspension>
#8      CustomLintServer._handleAnalysisSetContextRoots.<anonymous closure> (package:custom_lint/src/v2/custom_lint_analyzer_plugin.dart:339:9)
<asynchronous suspension>
#9      PendingOperation.run (package:custom_lint/src/async_operation.dart:22:14)
<asynchronous suspension>
#10     CustomLintServer._handleRequest (package:custom_lint/src/v2/custom_lint_analyzer_plugin.dart:171:22)
<asynchronous suspension>

The request analysis.updateContent failed with the following error:
RequestErrorCode.PLUGIN_ERROR
The plugin riverpod_generator was not found in the package config at /Users/tamakikyou/product/my_pj/MUSE. Make sure to run `pub get` first.
at:
#0      CustomLintProject.parse.<anonymous closure> (package:custom_lint/src/workspace.dart:1012:11)
#1      MappedIterator.moveNext (dart:_internal/iterable.dart:403:20)
#2      Future.wait (dart:async/future.dart:521:26)
#3      CustomLintProject.parse (package:custom_lint/src/workspace.dart:1007:34)
<asynchronous suspension>
#4      Future.wait.<anonymous closure> (dart:async/future.dart:523:21)
<asynchronous suspension>
#5      CustomLintWorkspace.fromContextRoots (package:custom_lint/src/workspace.dart:489:22)
<asynchronous suspension>
#6      SocketCustomLintServerToClientChannel.create (package:custom_lint/src/v2/server_to_client_channel.dart:54:23)
<asynchronous suspension>
#7      CustomLintServer._maybeSpawnCustomLintPlugin (package:custom_lint/src/v2/custom_lint_analyzer_plugin.dart:358:23)
<asynchronous suspension>
#8      CustomLintServer._handleAnalysisSetContextRoots.<anonymous closure> (package:custom_lint/src/v2/custom_lint_analyzer_plugin.dart:339:9)
<asynchronous suspension>
#9      PendingOperation.run (package:custom_lint/src/async_operation.dart:22:14)
<asynchronous suspension>
#10     CustomLintServer._handleRequest (package:custom_lint/src/v2/custom_lint_analyzer_plugin.dart:171:22)
<asynchronous suspension>

The request analysis.updateContent failed with the following error:
RequestErrorCode.PLUGIN_ERROR
The plugin riverpod_generator was not found in the package config at /Users/tamakikyou/product/my_pj/MUSE. Make sure to run `pub get` first.
at:
#0      CustomLintProject.parse.<anonymous closure> (package:custom_lint/src/workspace.dart:1012:11)
#1      MappedIterator.moveNext (dart:_internal/iterable.dart:403:20)
#2      Future.wait (dart:async/future.dart:521:26)
#3      CustomLintProject.parse (package:custom_lint/src/workspace.dart:1007:34)
<asynchronous suspension>
#4      Future.wait.<anonymous closure> (dart:async/future.dart:523:21)
<asynchronous suspension>
#5      CustomLintWorkspace.fromContextRoots (package:custom_lint/src/workspace.dart:489:22)
<asynchronous suspension>
#6      SocketCustomLintServerToClientChannel.create (package:custom_lint/src/v2/server_to_client_channel.dart:54:23)
<asynchronous suspension>
#7      CustomLintServer._maybeSpawnCustomLintPlugin (package:custom_lint/src/v2/custom_lint_analyzer_plugin.dart:358:23)
<asynchronous suspension>
#8      CustomLintServer._handleAnalysisSetContextRoots.<anonymous closure> (package:custom_lint/src/v2/custom_lint_analyzer_plugin.dart:339:9)
<asynchronous suspension>
#9      PendingOperation.run (package:custom_lint/src/async_operation.dart:22:14)
<asynchronous suspension>
#10     CustomLintServer._handleRequest (package:custom_lint/src/v2/custom_lint_analyzer_plugin.dart:171:22)
<asynchronous suspension>

The request analysis.setPriorityFiles failed with the following error:
RequestErrorCode.PLUGIN_ERROR
The plugin riverpod_generator was not found in the package config at /Users/tamakikyou/product/my_pj/MUSE. Make sure to run `pub get` first.
at:
#0      CustomLintProject.parse.<anonymous closure> (package:custom_lint/src/workspace.dart:1012:11)
#1      MappedIterator.moveNext (dart:_internal/iterable.dart:403:20)
#2      Future.wait (dart:async/future.dart:521:26)
#3      CustomLintProject.parse (package:custom_lint/src/workspace.dart:1007:34)
<asynchronous suspension>
#4      Future.wait.<anonymous closure> (dart:async/future.dart:523:21)
<asynchronous suspension>
#5      CustomLintWorkspace.fromContextRoots (package:custom_lint/src/workspace.dart:489:22)
<asynchronous suspension>
#6      SocketCustomLintServerToClientChannel.create (package:custom_lint/src/v2/server_to_client_channel.dart:54:23)
<asynchronous suspension>
#7      CustomLintServer._maybeSpawnCustomLintPlugin (package:custom_lint/src/v2/custom_lint_analyzer_plugin.dart:358:23)
<asynchronous suspension>
#8      CustomLintServer._handleAnalysisSetContextRoots.<anonymous closure> (package:custom_lint/src/v2/custom_lint_analyzer_plugin.dart:339:9)
<asynchronous suspension>
#9      PendingOperation.run (package:custom_lint/src/async_operation.dart:22:14)
<asynchronous suspension>
#10     CustomLintServer._handleRequest (package:custom_lint/src/v2/custom_lint_analyzer_plugin.dart:171:22)
<asynchronous suspension>

The request analysis.setSubscriptions failed with the following error:
RequestErrorCode.PLUGIN_ERROR
The plugin riverpod_generator was not found in the package config at /Users/tamakikyou/product/my_pj/MUSE. Make sure to run `pub get` first.
at:
#0      CustomLintProject.parse.<anonymous closure> (package:custom_lint/src/workspace.dart:1012:11)
#1      MappedIterator.moveNext (dart:_internal/iterable.dart:403:20)
#2      Future.wait (dart:async/future.dart:521:26)
#3      CustomLintProject.parse (package:custom_lint/src/workspace.dart:1007:34)
<asynchronous suspension>
#4      Future.wait.<anonymous closure> (dart:async/future.dart:523:21)
<asynchronous suspension>
#5      CustomLintWorkspace.fromContextRoots (package:custom_lint/src/workspace.dart:489:22)
<asynchronous suspension>
#6      SocketCustomLintServerToClientChannel.create (package:custom_lint/src/v2/server_to_client_channel.dart:54:23)
<asynchronous suspension>
#7      CustomLintServer._maybeSpawnCustomLintPlugin (package:custom_lint/src/v2/custom_lint_analyzer_plugin.dart:358:23)
<asynchronous suspension>
#8      CustomLintServer._handleAnalysisSetContextRoots.<anonymous closure> (package:custom_lint/src/v2/custom_lint_analyzer_plugin.dart:339:9)
<asynchronous suspension>
#9      PendingOperation.run (package:custom_lint/src/async_operation.dart:22:14)
<asynchronous suspension>
#10     CustomLintServer._handleRequest (package:custom_lint/src/v2/custom_lint_analyzer_plugin.dart:171:22)
<asynchronous suspension>

The request analysis.setContextRoots failed with the following error:
RequestErrorCode.PLUGIN_ERROR
The plugin riverpod_generator was not found in the package config at /Users/tamakikyou/product/my_pj/MUSE. Make sure to run `pub get` first.
at:
#0      CustomLintProject.parse.<anonymous closure> (package:custom_lint/src/workspace.dart:1012:11)
#1      MappedIterator.moveNext (dart:_internal/iterable.dart:403:20)
#2      Future.wait (dart:async/future.dart:521:26)
#3      CustomLintProject.parse (package:custom_lint/src/workspace.dart:1007:34)
<asynchronous suspension>
#4      Future.wait.<anonymous closure> (dart:async/future.dart:523:21)
<asynchronous suspension>
#5      CustomLintWorkspace.fromContextRoots (package:custom_lint/src/workspace.dart:489:22)
<asynchronous suspension>
#6      SocketCustomLintServerToClientChannel.create (package:custom_lint/src/v2/server_to_client_channel.dart:54:23)
<asynchronous suspension>
#7      CustomLintServer._maybeSpawnCustomLintPlugin (package:custom_lint/src/v2/custom_lint_analyzer_plugin.dart:358:23)
<asynchronous suspension>
#8      CustomLintServer._handleAnalysisSetContextRoots.<anonymous closure> (package:custom_lint/src/v2/custom_lint_analyzer_plugin.dart:339:9)
<asynchronous suspension>
#9      PendingOperation.run (package:custom_lint/src/async_operation.dart:22:14)
<asynchronous suspension>
#10     CustomLintServer._handleRequest (package:custom_lint/src/v2/custom_lint_analyzer_plugin.dart:171:22)
<asynchronous suspension>

The request analysis.setSubscriptions failed with the following error:
RequestErrorCode.PLUGIN_ERROR
The plugin riverpod_generator was not found in the package config at /Users/tamakikyou/product/my_pj/MUSE. Make sure to run `pub get` first.
at:
#0      CustomLintProject.parse.<anonymous closure> (package:custom_lint/src/workspace.dart:1012:11)
#1      MappedIterator.moveNext (dart:_internal/iterable.dart:403:20)
#2      Future.wait (dart:async/future.dart:521:26)
#3      CustomLintProject.parse (package:custom_lint/src/workspace.dart:1007:34)
<asynchronous suspension>
#4      Future.wait.<anonymous closure> (dart:async/future.dart:523:21)
<asynchronous suspension>
#5      CustomLintWorkspace.fromContextRoots (package:custom_lint/src/workspace.dart:489:22)
<asynchronous suspension>
#6      SocketCustomLintServerToClientChannel.create (package:custom_lint/src/v2/server_to_client_channel.dart:54:23)
<asynchronous suspension>
#7      CustomLintServer._maybeSpawnCustomLintPlugin (package:custom_lint/src/v2/custom_lint_analyzer_plugin.dart:358:23)
<asynchronous suspension>
#8      CustomLintServer._handleAnalysisSetContextRoots.<anonymous closure> (package:custom_lint/src/v2/custom_lint_analyzer_plugin.dart:339:9)
<asynchronous suspension>
#9      PendingOperation.run (package:custom_lint/src/async_operation.dart:22:14)
<asynchronous suspension>
#10     CustomLintServer._handleRequest (package:custom_lint/src/v2/custom_lint_analyzer_plugin.dart:171:22)
<asynchronous suspension>

The request analysis.updateContent failed with the following error:
RequestErrorCode.PLUGIN_ERROR
The plugin riverpod_generator was not found in the package config at /Users/tamakikyou/product/my_pj/MUSE. Make sure to run `pub get` first.
at:
#0      CustomLintProject.parse.<anonymous closure> (package:custom_lint/src/workspace.dart:1012:11)
#1      MappedIterator.moveNext (dart:_internal/iterable.dart:403:20)
#2      Future.wait (dart:async/future.dart:521:26)
#3      CustomLintProject.parse (package:custom_lint/src/workspace.dart:1007:34)
<asynchronous suspension>
#4      Future.wait.<anonymous closure> (dart:async/future.dart:523:21)
<asynchronous suspension>
#5      CustomLintWorkspace.fromContextRoots (package:custom_lint/src/workspace.dart:489:22)
<asynchronous suspension>
#6      SocketCustomLintServerToClientChannel.create (package:custom_lint/src/v2/server_to_client_channel.dart:54:23)
<asynchronous suspension>
#7      CustomLintServer._maybeSpawnCustomLintPlugin (package:custom_lint/src/v2/custom_lint_analyzer_plugin.dart:358:23)
<asynchronous suspension>
#8      CustomLintServer._handleAnalysisSetContextRoots.<anonymous closure> (package:custom_lint/src/v2/custom_lint_analyzer_plugin.dart:339:9)
<asynchronous suspension>
#9      PendingOperation.run (package:custom_lint/src/async_operation.dart:22:14)
<asynchronous suspension>
#10     CustomLintServer._handleRequest (package:custom_lint/src/v2/custom_lint_analyzer_plugin.dart:171:22)
<asynchronous suspension>

The request analysis.setPriorityFiles failed with the following error:
RequestErrorCode.PLUGIN_ERROR
The plugin riverpod_generator was not found in the package config at /Users/tamakikyou/product/my_pj/MUSE. Make sure to run `pub get` first.
at:
#0      CustomLintProject.parse.<anonymous closure> (package:custom_lint/src/workspace.dart:1012:11)
#1      MappedIterator.moveNext (dart:_internal/iterable.dart:403:20)
#2      Future.wait (dart:async/future.dart:521:26)
#3      CustomLintProject.parse (package:custom_lint/src/workspace.dart:1007:34)
<asynchronous suspension>
#4      Future.wait.<anonymous closure> (dart:async/future.dart:523:21)
<asynchronous suspension>
#5      CustomLintWorkspace.fromContextRoots (package:custom_lint/src/workspace.dart:489:22)
<asynchronous suspension>
#6      SocketCustomLintServerToClientChannel.create (package:custom_lint/src/v2/server_to_client_channel.dart:54:23)
<asynchronous suspension>
#7      CustomLintServer._maybeSpawnCustomLintPlugin (package:custom_lint/src/v2/custom_lint_analyzer_plugin.dart:358:23)
<asynchronous suspension>
#8      CustomLintServer._handleAnalysisSetContextRoots.<anonymous closure> (package:custom_lint/src/v2/custom_lint_analyzer_plugin.dart:339:9)
<asynchronous suspension>
#9      PendingOperation.run (package:custom_lint/src/async_operation.dart:22:14)
<asynchronous suspension>
#10     CustomLintServer._handleRequest (package:custom_lint/src/v2/custom_lint_analyzer_plugin.dart:171:22)
<asynchronous suspension>

The request analysis.setPriorityFiles failed with the following error:
RequestErrorCode.PLUGIN_ERROR
The plugin riverpod_generator was not found in the package config at /Users/tamakikyou/product/my_pj/MUSE. Make sure to run `pub get` first.
at:
#0      CustomLintProject.parse.<anonymous closure> (package:custom_lint/src/workspace.dart:1012:11)
#1      MappedIterator.moveNext (dart:_internal/iterable.dart:403:20)
#2      Future.wait (dart:async/future.dart:521:26)
#3      CustomLintProject.parse (package:custom_lint/src/workspace.dart:1007:34)
<asynchronous suspension>
#4      Future.wait.<anonymous closure> (dart:async/future.dart:523:21)
<asynchronous suspension>
#5      CustomLintWorkspace.fromContextRoots (package:custom_lint/src/workspace.dart:489:22)
<asynchronous suspension>
#6      SocketCustomLintServerToClientChannel.create (package:custom_lint/src/v2/server_to_client_channel.dart:54:23)
<asynchronous suspension>
#7      CustomLintServer._maybeSpawnCustomLintPlugin (package:custom_lint/src/v2/custom_lint_analyzer_plugin.dart:358:23)
<asynchronous suspension>
#8      CustomLintServer._handleAnalysisSetContextRoots.<anonymous closure> (package:custom_lint/src/v2/custom_lint_analyzer_plugin.dart:339:9)
<asynchronous suspension>
#9      PendingOperation.run (package:custom_lint/src/async_operation.dart:22:14)
<asynchronous suspension>
#10     CustomLintServer._handleRequest (package:custom_lint/src/v2/custom_lint_analyzer_plugin.dart:171:22)
<asynchronous suspension>

The request analysis.setSubscriptions failed with the following error:
RequestErrorCode.PLUGIN_ERROR
The plugin riverpod_generator was not found in the package config at /Users/tamakikyou/product/my_pj/MUSE. Make sure to run `pub get` first.
at:
#0      CustomLintProject.parse.<anonymous closure> (package:custom_lint/src/workspace.dart:1012:11)
#1      MappedIterator.moveNext (dart:_internal/iterable.dart:403:20)
#2      Future.wait (dart:async/future.dart:521:26)
#3      CustomLintProject.parse (package:custom_lint/src/workspace.dart:1007:34)
<asynchronous suspension>
#4      Future.wait.<anonymous closure> (dart:async/future.dart:523:21)
<asynchronous suspension>
#5      CustomLintWorkspace.fromContextRoots (package:custom_lint/src/workspace.dart:489:22)
<asynchronous suspension>
#6      SocketCustomLintServerToClientChannel.create (package:custom_lint/src/v2/server_to_client_channel.dart:54:23)
<asynchronous suspension>
#7      CustomLintServer._maybeSpawnCustomLintPlugin (package:custom_lint/src/v2/custom_lint_analyzer_plugin.dart:358:23)
<asynchronous suspension>
#8      CustomLintServer._handleAnalysisSetContextRoots.<anonymous closure> (package:custom_lint/src/v2/custom_lint_analyzer_plugin.dart:339:9)
<asynchronous suspension>
#9      PendingOperation.run (package:custom_lint/src/async_operation.dart:22:14)
<asynchronous suspension>
#10     CustomLintServer._handleRequest (package:custom_lint/src/v2/custom_lint_analyzer_plugin.dart:171:22)
<asynchronous suspension>

The request analysis.updateContent failed with the following error:
RequestErrorCode.PLUGIN_ERROR
The plugin riverpod_generator was not found in the package config at /Users/tamakikyou/product/my_pj/MUSE. Make sure to run `pub get` first.
at:
#0      CustomLintProject.parse.<anonymous closure> (package:custom_lint/src/workspace.dart:1012:11)
#1      MappedIterator.moveNext (dart:_internal/iterable.dart:403:20)
#2      Future.wait (dart:async/future.dart:521:26)
#3      CustomLintProject.parse (package:custom_lint/src/workspace.dart:1007:34)
<asynchronous suspension>
#4      Future.wait.<anonymous closure> (dart:async/future.dart:523:21)
<asynchronous suspension>
#5      CustomLintWorkspace.fromContextRoots (package:custom_lint/src/workspace.dart:489:22)
<asynchronous suspension>
#6      SocketCustomLintServerToClientChannel.create (package:custom_lint/src/v2/server_to_client_channel.dart:54:23)
<asynchronous suspension>
#7      CustomLintServer._maybeSpawnCustomLintPlugin (package:custom_lint/src/v2/custom_lint_analyzer_plugin.dart:358:23)
<asynchronous suspension>
#8      CustomLintServer._handleAnalysisSetContextRoots.<anonymous closure> (package:custom_lint/src/v2/custom_lint_analyzer_plugin.dart:339:9)
<asynchronous suspension>
#9      PendingOperation.run (package:custom_lint/src/async_operation.dart:22:14)
<asynchronous suspension>
#10     CustomLintServer._handleRequest (package:custom_lint/src/v2/custom_lint_analyzer_plugin.dart:171:22)
<asynchronous suspension>

The request analysis.updateContent failed with the following error:
RequestErrorCode.PLUGIN_ERROR
The plugin riverpod_generator was not found in the package config at /Users/tamakikyou/product/my_pj/MUSE. Make sure to run `pub get` first.
at:
#0      CustomLintProject.parse.<anonymous closure> (package:custom_lint/src/workspace.dart:1012:11)
#1      MappedIterator.moveNext (dart:_internal/iterable.dart:403:20)
#2      Future.wait (dart:async/future.dart:521:26)
#3      CustomLintProject.parse (package:custom_lint/src/workspace.dart:1007:34)
<asynchronous suspension>
#4      Future.wait.<anonymous closure> (dart:async/future.dart:523:21)
<asynchronous suspension>
#5      CustomLintWorkspace.fromContextRoots (package:custom_lint/src/workspace.dart:489:22)
<asynchronous suspension>
#6      SocketCustomLintServerToClientChannel.create (package:custom_lint/src/v2/server_to_client_channel.dart:54:23)
<asynchronous suspension>
#7      CustomLintServer._maybeSpawnCustomLintPlugin (package:custom_lint/src/v2/custom_lint_analyzer_plugin.dart:358:23)
<asynchronous suspension>
#8      CustomLintServer._handleAnalysisSetContextRoots.<anonymous closure> (package:custom_lint/src/v2/custom_lint_analyzer_plugin.dart:339:9)
<asynchronous suspension>
#9      PendingOperation.run (package:custom_lint/src/async_operation.dart:22:14)
<asynchronous suspension>
#10     CustomLintServer._handleRequest (package:custom_lint/src/v2/custom_lint_analyzer_plugin.dart:171:22)
<asynchronous suspension>

The request analysis.setPriorityFiles failed with the following error:
RequestErrorCode.PLUGIN_ERROR
The plugin riverpod_generator was not found in the package config at /Users/tamakikyou/product/my_pj/MUSE. Make sure to run `pub get` first.
at:
#0      CustomLintProject.parse.<anonymous closure> (package:custom_lint/src/workspace.dart:1012:11)
#1      MappedIterator.moveNext (dart:_internal/iterable.dart:403:20)
#2      Future.wait (dart:async/future.dart:521:26)
#3      CustomLintProject.parse (package:custom_lint/src/workspace.dart:1007:34)
<asynchronous suspension>
#4      Future.wait.<anonymous closure> (dart:async/future.dart:523:21)
<asynchronous suspension>
#5      CustomLintWorkspace.fromContextRoots (package:custom_lint/src/workspace.dart:489:22)
<asynchronous suspension>
#6      SocketCustomLintServerToClientChannel.create (package:custom_lint/src/v2/server_to_client_channel.dart:54:23)
<asynchronous suspension>
#7      CustomLintServer._maybeSpawnCustomLintPlugin (package:custom_lint/src/v2/custom_lint_analyzer_plugin.dart:358:23)
<asynchronous suspension>
#8      CustomLintServer._handleAnalysisSetContextRoots.<anonymous closure> (package:custom_lint/src/v2/custom_lint_analyzer_plugin.dart:339:9)
<asynchronous suspension>
#9      PendingOperation.run (package:custom_lint/src/async_operation.dart:22:14)
<asynchronous suspension>
#10     CustomLintServer._handleRequest (package:custom_lint/src/v2/custom_lint_analyzer_plugin.dart:171:22)
<asynchronous suspension>

The request analysis.setSubscriptions failed with the following error:
RequestErrorCode.PLUGIN_ERROR
The plugin riverpod_generator was not found in the package config at /Users/tamakikyou/product/my_pj/MUSE. Make sure to run `pub get` first.
at:
#0      CustomLintProject.parse.<anonymous closure> (package:custom_lint/src/workspace.dart:1012:11)
#1      MappedIterator.moveNext (dart:_internal/iterable.dart:403:20)
#2      Future.wait (dart:async/future.dart:521:26)
#3      CustomLintProject.parse (package:custom_lint/src/workspace.dart:1007:34)
<asynchronous suspension>
#4      Future.wait.<anonymous closure> (dart:async/future.dart:523:21)
<asynchronous suspension>
#5      CustomLintWorkspace.fromContextRoots (package:custom_lint/src/workspace.dart:489:22)
<asynchronous suspension>
#6      SocketCustomLintServerToClientChannel.create (package:custom_lint/src/v2/server_to_client_channel.dart:54:23)
<asynchronous suspension>
#7      CustomLintServer._maybeSpawnCustomLintPlugin (package:custom_lint/src/v2/custom_lint_analyzer_plugin.dart:358:23)
<asynchronous suspension>
#8      CustomLintServer._handleAnalysisSetContextRoots.<anonymous closure> (package:custom_lint/src/v2/custom_lint_analyzer_plugin.dart:339:9)
<asynchronous suspension>
#9      PendingOperation.run (package:custom_lint/src/async_operation.dart:22:14)
<asynchronous suspension>
#10     CustomLintServer._handleRequest (package:custom_lint/src/v2/custom_lint_analyzer_plugin.dart:171:22)
<asynchronous suspension>

The Dart VM service is listening on http://127.0.0.1:51808/cR1SoEXKRGU=/
The Dart DevTools debugger and profiler is available at: http://127.0.0.1:51808/cR1SoEXKRGU=/devtools?uri=ws://127.0.0.1:51808/cR1SoEXKRGU=/ws
The Dart VM service is listening on http://127.0.0.1:52637/cZHX-gjxzHs=/
The Dart DevTools debugger and profiler is available at: http://127.0.0.1:52637/cZHX-gjxzHs=/devtools?uri=ws://127.0.0.1:52637/cZHX-gjxzHs=/ws
The Dart VM service is listening on http://127.0.0.1:53096/X4Sl_8zRxwc=/
The Dart DevTools debugger and profiler is available at: http://127.0.0.1:53096/X4Sl_8zRxwc=/devtools?uri=ws://127.0.0.1:53096/X4Sl_8zRxwc=/ws
The Dart VM service is listening on http://127.0.0.1:53153/kfXPKZhEh28=/
The Dart DevTools debugger and profiler is available at: http://127.0.0.1:53153/kfXPKZhEh28=/devtools?uri=ws://127.0.0.1:53153/kfXPKZhEh28=/ws
The Dart VM service is listening on http://127.0.0.1:61686/pQ3ZO3-QWns=/
The Dart DevTools debugger and profiler is available at: http://127.0.0.1:61686/pQ3ZO3-QWns=/devtools?uri=ws://127.0.0.1:61686/pQ3ZO3-QWns=/ws
